<?xml version="1.0" encoding="UTF-8"?>
<!-- Generated by org.testng.reporters.JUnitReportReporter -->
<testsuite skipped="0" hostname="DESKTOP-GQF8HD8" name="com.TestNG_Parameters.TestNG_Parameters" tests="1" failures="0" timestamp="12 Apr 2019 15:20:54 GMT" time="7.027" errors="0">
  <testcase name="parametersTest" time="7.027" classname="com.TestNG_Parameters.TestNG_Parameters"/>
</testsuite> <!-- com.TestNG_Parameters.TestNG_Parameters -->
