<?xml version="1.0" encoding="UTF-8"?>
<!-- Generated by org.testng.reporters.JUnitReportReporter -->
<testsuite skipped="0" hostname="DESKTOP-GQF8HD8" name="com.How_Handle_broken_LInks.How_Handle_broken_LInk" tests="1" failures="0" timestamp="23 Apr 2019 13:04:43 GMT" time="68.508" errors="0">
  <testcase name="brokenLINnk" time="68.508" classname="com.How_Handle_broken_LInks.How_Handle_broken_LInk"/>
</testsuite> <!-- com.How_Handle_broken_LInks.How_Handle_broken_LInk -->
