<?xml version="1.0" encoding="UTF-8"?>
<!-- Generated by org.testng.reporters.JUnitReportReporter -->
<testsuite skipped="0" hostname="DESKTOP-GQF8HD8" name="com.HeadLess_Browser.Headless_Browser" tests="1" failures="0" timestamp="23 Apr 2019 12:59:50 GMT" time="5.732" errors="0">
  <testcase name="verfyFaceBook" time="5.732" classname="com.HeadLess_Browser.Headless_Browser"/>
</testsuite> <!-- com.HeadLess_Browser.Headless_Browser -->
